2024-10-11 07:26:37 - WARNING: systolic_bp reading is abnormal: 126
2024-10-11 07:26:37 - WARNING: diastolic_bp reading is abnormal: 81
2024-10-11 07:26:37 - WARNING: body_temperature reading is abnormal: 37.3
2024-10-11 07:26:40 - CRITICAL: Persistent abnormal systolic_bp over last 5 readings.
2024-10-11 07:26:40 - CRITICAL: Persistent abnormal diastolic_bp over last 5 readings.
2024-10-11 07:26:42 - WARNING: body_temperature reading is abnormal: 37.3
2024-10-11 07:26:52 - CRITICAL: Persistent abnormal body_temperature over last 5 readings.
2024-10-11 07:26:54 - WARNING: systolic_bp reading is abnormal: 138
2024-10-11 07:26:54 - WARNING: diastolic_bp reading is abnormal: 82
2024-10-11 07:26:56 - CRITICAL: Persistent abnormal systolic_bp over last 5 readings.
2024-10-11 07:26:56 - CRITICAL: Persistent abnormal diastolic_bp over last 5 readings.
2024-10-11 07:27:04 - WARNING: diastolic_bp reading is abnormal: 81
2024-10-11 07:27:06 - CRITICAL: Persistent abnormal diastolic_bp over last 5 readings.
2024-10-11 07:27:09 - WARNING: systolic_bp reading is abnormal: 127
2024-10-11 07:35:36 - WARNING: diastolic_bp reading is abnormal: 85
2024-10-11 07:35:38 - CRITICAL: Persistent abnormal diastolic_bp over last 5 readings.
2024-10-11 07:35:41 - WARNING: systolic_bp reading is abnormal: 134
2024-10-11 07:35:41 - WARNING: body_temperature reading is abnormal: 37.3
2024-10-11 07:35:44 - CRITICAL: Persistent abnormal systolic_bp over last 5 readings.
2024-10-11 07:35:44 - CRITICAL: Persistent abnormal body_temperature over last 5 readings.
2024-10-11 07:35:46 - WARNING: diastolic_bp reading is abnormal: 86
2024-10-11 07:35:48 - CRITICAL: Persistent abnormal diastolic_bp over last 5 readings.
2024-10-11 07:36:06 - WARNING: body_temperature reading is abnormal: 37.5
2024-10-11 07:36:08 - CRITICAL: Persistent abnormal body_temperature over last 5 readings.
2024-10-11 07:36:11 - WARNING: diastolic_bp reading is abnormal: 87
2024-10-11 07:36:13 - CRITICAL: Persistent abnormal diastolic_bp over last 5 readings.
2024-10-14 12:41:09 - WARNING: diastolic_bp reading is abnormal: 82
2024-10-14 16:31:35 - WARNING: diastolic_bp reading is abnormal: 84
2024-10-14 16:31:37 - CRITICAL: Persistent abnormal diastolic_bp over last 5 readings.
2024-10-14 16:38:20 - WARNING: systolic_bp reading is abnormal: 140
2024-10-14 16:38:20 - WARNING: body_temperature reading is abnormal: 37.3
2024-10-14 16:38:22 - CRITICAL: Persistent abnormal body_temperature over last 5 readings.
2024-10-14 16:38:22 - CRITICAL: Persistent abnormal systolic_bp over last 5 readings.
2024-10-14 16:38:30 - WARNING: body_temperature reading is abnormal: 37.3
2024-10-14 16:38:32 - CRITICAL: Persistent abnormal body_temperature over last 5 readings.
2024-10-14 16:39:07 - WARNING: systolic_bp reading is abnormal: 134
2024-10-14 16:39:07 - WARNING: body_temperature reading is abnormal: 37.4
2024-10-14 16:46:22 - WARNING: systolic_bp reading is abnormal: 124
2024-10-14 16:46:25 - CRITICAL: Persistent abnormal systolic_bp over last 5 readings.
2024-10-14 16:46:28 - WARNING: diastolic_bp reading is abnormal: 88
2024-10-14 16:46:28 - WARNING: body_temperature reading is abnormal: 37.5
2024-10-14 16:46:30 - CRITICAL: Persistent abnormal diastolic_bp over last 5 readings.
2024-10-14 16:46:30 - CRITICAL: Persistent abnormal body_temperature over last 5 readings.
2024-10-14 16:46:33 - WARNING: systolic_bp reading is abnormal: 127
2024-10-14 16:51:31 - WARNING: systolic_bp reading is abnormal: 122
2024-10-14 16:51:31 - WARNING: diastolic_bp reading is abnormal: 82
2024-10-14 16:51:33 - CRITICAL: Persistent abnormal systolic_bp over last 5 readings.
2024-10-14 16:51:33 - CRITICAL: Persistent abnormal diastolic_bp over last 5 readings.
2024-10-14 17:22:26 - WARNING: systolic_bp reading is abnormal: 134
2024-10-14 17:22:28 - CRITICAL: Persistent abnormal systolic_bp over last 5 readings.
2024-10-14 18:18:08 - WARNING: body_temperature reading is abnormal: 37.4
2024-10-14 18:18:10 - CRITICAL: Persistent abnormal body_temperature over last 5 readings.
2024-10-14 18:18:18 - WARNING: diastolic_bp reading is abnormal: 89
2024-10-14 18:18:20 - CRITICAL: Persistent abnormal diastolic_bp over last 5 readings.
2024-10-14 18:18:23 - WARNING: systolic_bp reading is abnormal: 127
2024-10-14 18:18:25 - CRITICAL: Persistent abnormal systolic_bp over last 5 readings.
2024-10-14 18:34:51 - WARNING: systolic_bp reading is abnormal: 123
2024-10-14 18:34:53 - CRITICAL: Persistent abnormal systolic_bp over last 5 readings.
2024-10-14 18:34:56 - WARNING: diastolic_bp reading is abnormal: 82
2024-10-14 18:34:58 - CRITICAL: Persistent abnormal diastolic_bp over last 5 readings.
2024-10-14 18:35:01 - WARNING: systolic_bp reading is abnormal: 138
2024-10-14 18:35:03 - CRITICAL: Persistent abnormal systolic_bp over last 5 readings.
2024-10-14 18:35:06 - WARNING: body_temperature reading is abnormal: 37.3
2024-10-14 18:35:08 - CRITICAL: Persistent abnormal body_temperature over last 5 readings.
2024-10-14 18:35:11 - WARNING: diastolic_bp reading is abnormal: 90
2024-10-14 18:35:13 - CRITICAL: Persistent abnormal diastolic_bp over last 5 readings.
2024-10-14 18:35:16 - WARNING: systolic_bp reading is abnormal: 129
2024-10-14 18:35:18 - CRITICAL: Persistent abnormal systolic_bp over last 5 readings.
2024-10-14 18:35:26 - WARNING: body_temperature reading is abnormal: 37.3
2024-10-14 18:35:28 - CRITICAL: Persistent abnormal body_temperature over last 5 readings.
2024-10-14 18:35:32 - WARNING: systolic_bp reading is abnormal: 123
2024-10-14 18:35:32 - WARNING: diastolic_bp reading is abnormal: 83
2024-10-14 18:35:34 - CRITICAL: Persistent abnormal systolic_bp over last 5 readings.
2024-10-14 18:35:34 - CRITICAL: Persistent abnormal diastolic_bp over last 5 readings.
2024-10-14 18:35:36 - WARNING: body_temperature reading is abnormal: 37.5
2024-10-14 18:35:38 - CRITICAL: Persistent abnormal body_temperature over last 5 readings.
2024-10-14 18:35:46 - WARNING: systolic_bp reading is abnormal: 139
2024-10-14 18:35:48 - CRITICAL: Persistent abnormal systolic_bp over last 5 readings.
2024-10-14 18:35:51 - WARNING: body_temperature reading is abnormal: 37.3
2024-10-14 18:35:53 - CRITICAL: Persistent abnormal body_temperature over last 5 readings.
2024-10-14 18:35:56 - WARNING: diastolic_bp reading is abnormal: 83
2024-10-14 18:35:58 - CRITICAL: Persistent abnormal diastolic_bp over last 5 readings.
2024-10-14 18:36:01 - WARNING: systolic_bp reading is abnormal: 134
2024-10-14 18:36:03 - CRITICAL: Persistent abnormal systolic_bp over last 5 readings.
2024-10-14 18:36:26 - WARNING: systolic_bp reading is abnormal: 126
2024-10-14 18:36:26 - WARNING: diastolic_bp reading is abnormal: 85
2024-10-14 18:36:28 - CRITICAL: Persistent abnormal systolic_bp over last 5 readings.
2024-10-14 18:36:28 - CRITICAL: Persistent abnormal diastolic_bp over last 5 readings.
2024-10-14 18:36:31 - WARNING: body_temperature reading is abnormal: 37.4
2024-10-14 18:36:33 - CRITICAL: Persistent abnormal body_temperature over last 5 readings.
2024-10-14 18:36:41 - WARNING: systolic_bp reading is abnormal: 130
2024-10-14 18:36:43 - CRITICAL: Persistent abnormal systolic_bp over last 5 readings.
2024-10-14 18:36:52 - WARNING: diastolic_bp reading is abnormal: 84
2024-10-14 18:36:52 - WARNING: body_temperature reading is abnormal: 37.5
2024-10-14 18:36:54 - CRITICAL: Persistent abnormal diastolic_bp over last 5 readings.
2024-10-14 18:36:54 - CRITICAL: Persistent abnormal body_temperature over last 5 readings.
2024-10-14 18:37:01 - WARNING: diastolic_bp reading is abnormal: 82
2024-10-14 18:37:03 - CRITICAL: Persistent abnormal diastolic_bp over last 5 readings.
2024-10-14 18:37:06 - WARNING: body_temperature reading is abnormal: 37.3
2024-10-14 18:37:08 - CRITICAL: Persistent abnormal body_temperature over last 5 readings.
2024-10-14 18:37:16 - WARNING: diastolic_bp reading is abnormal: 84
2024-10-14 18:37:18 - CRITICAL: Persistent abnormal diastolic_bp over last 5 readings.
2024-10-14 18:37:21 - WARNING: systolic_bp reading is abnormal: 126
2024-10-14 18:37:23 - CRITICAL: Persistent abnormal systolic_bp over last 5 readings.
2024-10-14 18:37:32 - WARNING: body_temperature reading is abnormal: 37.3
2024-10-14 18:37:34 - CRITICAL: Persistent abnormal body_temperature over last 5 readings.
2024-10-14 18:37:37 - WARNING: diastolic_bp reading is abnormal: 89
2024-10-14 18:37:39 - CRITICAL: Persistent abnormal diastolic_bp over last 5 readings.
2024-10-14 18:37:46 - WARNING: systolic_bp reading is abnormal: 128
2024-10-14 18:37:48 - CRITICAL: Persistent abnormal systolic_bp over last 5 readings.
2024-10-14 18:37:51 - WARNING: body_temperature reading is abnormal: 37.3
2024-10-14 18:37:53 - CRITICAL: Persistent abnormal body_temperature over last 5 readings.
2024-10-14 18:37:57 - WARNING: systolic_bp reading is abnormal: 137
2024-10-14 18:37:59 - CRITICAL: Persistent abnormal systolic_bp over last 5 readings.
2024-10-14 19:29:17 - WARNING: systolic_bp reading is abnormal: 137
2024-10-14 19:29:17 - WARNING: diastolic_bp reading is abnormal: 90
2024-10-14 19:29:19 - WARNING: diastolic_bp reading is abnormal: 90
2024-10-14 19:29:21 - WARNING: systolic_bp reading is abnormal: 127
2024-10-14 19:29:21 - WARNING: body_temperature reading is abnormal: 37.5
2024-10-14 19:29:22 - WARNING: diastolic_bp reading is abnormal: 81
2024-10-14 19:29:23 - CRITICAL: Persistent abnormal systolic_bp over last 5 readings.
2024-10-14 19:29:24 - WARNING: diastolic_bp reading is abnormal: 83
2024-10-14 19:29:26 - CRITICAL: Persistent abnormal diastolic_bp over last 5 readings.
2024-10-14 19:29:28 - WARNING: diastolic_bp reading is abnormal: 86
2024-10-14 19:29:29 - WARNING: systolic_bp reading is abnormal: 131
