2024-10-11 07:13:17,302 - INFO - Application started.
2024-10-11 07:13:17,303 - INFO - Settings file not found. Using default settings.
2024-10-11 07:13:17,303 - INFO - Settings loaded successfully.
2024-10-11 07:26:18,576 - INFO - Application started.
2024-10-11 07:26:18,577 - INFO - Settings file not found. Using default settings.
2024-10-11 07:26:18,577 - INFO - Settings loaded successfully.
2024-10-11 07:26:31,525 - INFO - User 'Alexander' logged in.
2024-10-11 07:26:32,741 - INFO - Main window created.
2024-10-11 07:26:37,961 - INFO - Data simulation started.
2024-10-11 07:26:37,965 - INFO - Alert logged: systolic_bp reading is abnormal: 126
2024-10-11 07:26:37,965 - INFO - Alert generated: systolic_bp reading is abnormal: 126
2024-10-11 07:26:37,968 - INFO - Alert logged: diastolic_bp reading is abnormal: 81
2024-10-11 07:26:37,969 - INFO - Alert generated: diastolic_bp reading is abnormal: 81
2024-10-11 07:26:37,971 - INFO - Alert logged: body_temperature reading is abnormal: 37.3
2024-10-11 07:26:37,972 - INFO - Alert generated: body_temperature reading is abnormal: 37.3
2024-10-11 07:26:40,156 - INFO - Alert logged: Persistent abnormal systolic_bp over last 5 readings.
2024-10-11 07:26:40,156 - INFO - Critical alert generated: Persistent abnormal systolic_bp over last 5 readings.
2024-10-11 07:26:40,161 - INFO - Alert logged: Persistent abnormal diastolic_bp over last 5 readings.
2024-10-11 07:26:40,162 - INFO - Critical alert generated: Persistent abnormal diastolic_bp over last 5 readings.
2024-10-11 07:26:42,368 - INFO - Alert logged: body_temperature reading is abnormal: 37.3
2024-10-11 07:26:42,369 - INFO - Alert generated: body_temperature reading is abnormal: 37.3
2024-10-11 07:26:42,765 - INFO - Settings window opened.
2024-10-11 07:26:48,692 - INFO - Settings saved to file.
2024-10-11 07:26:51,222 - INFO - Settings updated and saved.
2024-10-11 07:26:52,900 - INFO - Alert logged: Persistent abnormal body_temperature over last 5 readings.
2024-10-11 07:26:52,900 - INFO - Critical alert generated: Persistent abnormal body_temperature over last 5 readings.
2024-10-11 07:26:54,003 - INFO - Alert logged: systolic_bp reading is abnormal: 138
2024-10-11 07:26:54,004 - INFO - Alert generated: systolic_bp reading is abnormal: 138
2024-10-11 07:26:54,005 - INFO - Alert logged: diastolic_bp reading is abnormal: 82
2024-10-11 07:26:54,005 - INFO - Alert generated: diastolic_bp reading is abnormal: 82
2024-10-11 07:26:56,137 - INFO - Alert logged: Persistent abnormal systolic_bp over last 5 readings.
2024-10-11 07:26:56,137 - INFO - Critical alert generated: Persistent abnormal systolic_bp over last 5 readings.
2024-10-11 07:26:56,139 - INFO - Alert logged: Persistent abnormal diastolic_bp over last 5 readings.
2024-10-11 07:26:56,139 - INFO - Critical alert generated: Persistent abnormal diastolic_bp over last 5 readings.
2024-10-11 07:27:04,186 - INFO - Alert logged: diastolic_bp reading is abnormal: 81
2024-10-11 07:27:04,187 - INFO - Alert generated: diastolic_bp reading is abnormal: 81
2024-10-11 07:27:06,348 - INFO - Alert logged: Persistent abnormal diastolic_bp over last 5 readings.
2024-10-11 07:27:06,348 - INFO - Critical alert generated: Persistent abnormal diastolic_bp over last 5 readings.
2024-10-11 07:27:09,081 - INFO - Alert logged: systolic_bp reading is abnormal: 127
2024-10-11 07:27:09,081 - INFO - Alert generated: systolic_bp reading is abnormal: 127
2024-10-11 07:27:11,137 - INFO - Data simulation stopped.
2024-10-11 07:27:14,055 - INFO - Application exit requested.
2024-10-11 07:27:14,145 - INFO - Application closed.
2024-10-11 07:34:33,975 - INFO - Application started.
2024-10-11 07:34:33,976 - INFO - Settings loaded from file.
2024-10-11 07:34:33,976 - INFO - Settings loaded successfully.
2024-10-11 07:34:43,862 - INFO - User 'Alexander' logged in.
2024-10-11 07:34:44,941 - INFO - Main window created.
2024-10-11 07:34:52,383 - INFO - Settings window opened.
2024-10-11 07:35:31,594 - INFO - Settings saved to file.
2024-10-11 07:35:33,722 - INFO - Settings updated and saved.
2024-10-11 07:35:36,394 - INFO - Data simulation started.
2024-10-11 07:35:36,396 - INFO - Alert logged: diastolic_bp reading is abnormal: 85
2024-10-11 07:35:36,396 - INFO - Alert generated: diastolic_bp reading is abnormal: 85
2024-10-11 07:35:38,557 - INFO - Alert logged: Persistent abnormal diastolic_bp over last 5 readings.
2024-10-11 07:35:38,557 - INFO - Critical alert generated: Persistent abnormal diastolic_bp over last 5 readings.
2024-10-11 07:35:41,837 - INFO - Alert logged: systolic_bp reading is abnormal: 134
2024-10-11 07:35:41,837 - INFO - Alert generated: systolic_bp reading is abnormal: 134
2024-10-11 07:35:41,839 - INFO - Alert logged: body_temperature reading is abnormal: 37.3
2024-10-11 07:35:41,839 - INFO - Alert generated: body_temperature reading is abnormal: 37.3
2024-10-11 07:35:44,005 - INFO - Alert logged: Persistent abnormal systolic_bp over last 5 readings.
2024-10-11 07:35:44,005 - INFO - Critical alert generated: Persistent abnormal systolic_bp over last 5 readings.
2024-10-11 07:35:44,007 - INFO - Alert logged: Persistent abnormal body_temperature over last 5 readings.
2024-10-11 07:35:44,007 - INFO - Critical alert generated: Persistent abnormal body_temperature over last 5 readings.
2024-10-11 07:35:46,690 - INFO - Alert logged: diastolic_bp reading is abnormal: 86
2024-10-11 07:35:46,691 - INFO - Alert generated: diastolic_bp reading is abnormal: 86
2024-10-11 07:35:48,859 - INFO - Alert logged: Persistent abnormal diastolic_bp over last 5 readings.
2024-10-11 07:35:48,859 - INFO - Critical alert generated: Persistent abnormal diastolic_bp over last 5 readings.
2024-10-11 07:36:06,705 - INFO - Alert logged: body_temperature reading is abnormal: 37.5
2024-10-11 07:36:06,705 - INFO - Alert generated: body_temperature reading is abnormal: 37.5
2024-10-11 07:36:08,880 - INFO - Alert logged: Persistent abnormal body_temperature over last 5 readings.
2024-10-11 07:36:08,881 - INFO - Critical alert generated: Persistent abnormal body_temperature over last 5 readings.
2024-10-11 07:36:11,605 - INFO - Alert logged: diastolic_bp reading is abnormal: 87
2024-10-11 07:36:11,605 - INFO - Alert generated: diastolic_bp reading is abnormal: 87
2024-10-11 07:36:13,772 - INFO - Alert logged: Persistent abnormal diastolic_bp over last 5 readings.
2024-10-11 07:36:13,772 - INFO - Critical alert generated: Persistent abnormal diastolic_bp over last 5 readings.
2024-10-11 07:36:15,877 - INFO - Data simulation stopped.
2024-10-11 07:36:54,697 - INFO - Application exit requested.
2024-10-11 07:36:54,760 - INFO - Application closed.
2024-10-11 07:57:29,991 - INFO - Application started.
2024-10-11 07:57:30,003 - INFO - Settings loaded from file.
2024-10-11 07:57:30,003 - INFO - Settings loaded successfully.
2024-10-11 07:57:44,655 - INFO - User 'Alexander' logged in.
2024-10-11 07:57:45,583 - INFO - Main window created.
2024-10-11 08:02:26,442 - INFO - Application exit requested.
2024-10-11 08:02:26,446 - INFO - Application closed.
2024-10-14 12:41:00,245 - INFO - Application started.
2024-10-14 12:41:00,248 - INFO - Settings loaded from file.
2024-10-14 12:41:00,248 - INFO - Settings loaded successfully.
2024-10-14 12:41:06,265 - INFO - User ',mdnkjnskjf' logged in.
2024-10-14 12:41:06,441 - INFO - Main window created.
2024-10-14 12:41:09,219 - INFO - Data simulation started.
2024-10-14 12:41:09,222 - INFO - Alert logged: diastolic_bp reading is abnormal: 82
2024-10-14 12:41:09,222 - INFO - Alert generated: diastolic_bp reading is abnormal: 82
2024-10-14 12:41:10,935 - INFO - Application exit requested.
2024-10-14 12:41:10,938 - INFO - Application closed.
2024-10-14 12:42:15,901 - INFO - Application started.
2024-10-14 12:42:15,906 - INFO - Settings loaded from file.
2024-10-14 12:42:15,906 - INFO - Settings loaded successfully.
2024-10-14 12:42:20,692 - INFO - User 'mdmmf' logged in.
2024-10-14 12:42:20,793 - INFO - Main window created.
2024-10-14 12:42:25,012 - INFO - Application exit requested.
2024-10-14 12:42:25,017 - INFO - Application closed.
2024-10-14 12:42:26,757 - INFO - Application started.
2024-10-14 12:42:26,757 - INFO - Settings loaded from file.
2024-10-14 12:42:26,757 - INFO - Settings loaded successfully.
2024-10-14 12:42:29,480 - INFO - User canceled login or closed the window.
2024-10-14 16:31:25,190 - INFO - Application started.
2024-10-14 16:31:25,191 - INFO - Settings loaded from file.
2024-10-14 16:31:25,191 - INFO - Settings loaded successfully.
2024-10-14 16:31:32,709 - INFO - User 'nkcnjjkds' logged in.
2024-10-14 16:31:32,817 - INFO - Main window created.
2024-10-14 16:31:35,584 - INFO - Data simulation started.
2024-10-14 16:31:35,586 - INFO - Alert logged: diastolic_bp reading is abnormal: 84
2024-10-14 16:31:35,586 - INFO - Alert generated: diastolic_bp reading is abnormal: 84
2024-10-14 16:31:37,603 - INFO - Alert logged: Persistent abnormal diastolic_bp over last 5 readings.
2024-10-14 16:31:37,604 - INFO - Critical alert generated: Persistent abnormal diastolic_bp over last 5 readings.
2024-10-14 16:31:40,363 - INFO - Application exit requested.
2024-10-14 16:31:40,367 - INFO - Application closed.
2024-10-14 16:38:08,885 - INFO - Application started.
2024-10-14 16:38:08,889 - INFO - Settings loaded from file.
2024-10-14 16:38:08,889 - INFO - Settings loaded successfully.
2024-10-14 16:38:17,473 - INFO - User 'mfskjnfk' logged in.
2024-10-14 16:38:17,573 - INFO - Main window created.
2024-10-14 16:38:20,365 - INFO - Data simulation started.
2024-10-14 16:38:20,367 - INFO - Alert logged: systolic_bp reading is abnormal: 140
2024-10-14 16:38:20,368 - INFO - Alert generated: systolic_bp reading is abnormal: 140
2024-10-14 16:38:20,369 - INFO - Alert logged: body_temperature reading is abnormal: 37.3
2024-10-14 16:38:20,369 - INFO - Alert generated: body_temperature reading is abnormal: 37.3
2024-10-14 16:38:22,387 - INFO - Alert logged: Persistent abnormal body_temperature over last 5 readings.
2024-10-14 16:38:22,387 - INFO - Critical alert generated: Persistent abnormal body_temperature over last 5 readings.
2024-10-14 16:38:22,388 - INFO - Alert logged: Persistent abnormal systolic_bp over last 5 readings.
2024-10-14 16:38:22,388 - INFO - Critical alert generated: Persistent abnormal systolic_bp over last 5 readings.
2024-10-14 16:38:30,480 - INFO - Alert logged: body_temperature reading is abnormal: 37.3
2024-10-14 16:38:30,481 - INFO - Alert generated: body_temperature reading is abnormal: 37.3
2024-10-14 16:38:32,509 - INFO - Alert logged: Persistent abnormal body_temperature over last 5 readings.
2024-10-14 16:38:32,509 - INFO - Critical alert generated: Persistent abnormal body_temperature over last 5 readings.
2024-10-14 16:38:34,684 - INFO - Application exit requested.
2024-10-14 16:38:34,705 - INFO - Application closed.
2024-10-14 16:38:58,690 - INFO - Application started.
2024-10-14 16:38:58,692 - INFO - Settings loaded from file.
2024-10-14 16:38:58,693 - INFO - Settings loaded successfully.
2024-10-14 16:39:04,884 - INFO - User 'mndjkdfnjd' logged in.
2024-10-14 16:39:04,987 - INFO - Main window created.
2024-10-14 16:39:07,393 - INFO - Data simulation started.
2024-10-14 16:39:07,394 - INFO - Alert logged: systolic_bp reading is abnormal: 134
2024-10-14 16:39:07,394 - INFO - Alert generated: systolic_bp reading is abnormal: 134
2024-10-14 16:39:07,394 - INFO - Alert logged: body_temperature reading is abnormal: 37.4
2024-10-14 16:39:07,394 - INFO - Alert generated: body_temperature reading is abnormal: 37.4
2024-10-14 16:39:08,972 - INFO - Application exit requested.
2024-10-14 16:39:08,976 - INFO - Application closed.
2024-10-14 16:39:58,375 - INFO - Application started.
2024-10-14 16:39:58,376 - INFO - Settings loaded from file.
2024-10-14 16:39:58,376 - INFO - Settings loaded successfully.
2024-10-14 16:40:08,069 - INFO - User canceled login or closed the window.
2024-10-14 16:45:48,676 - INFO - Application started.
2024-10-14 16:45:48,678 - INFO - Settings loaded from file.
2024-10-14 16:45:48,678 - INFO - Settings loaded successfully.
2024-10-14 16:45:53,904 - INFO - User 'dsjknsjkdf' logged in.
2024-10-14 16:45:54,002 - INFO - Main window created.
2024-10-14 16:46:07,666 - INFO - Settings window opened.
2024-10-14 16:46:14,413 - INFO - Settings saved to file.
2024-10-14 16:46:15,940 - INFO - Settings updated and saved.
2024-10-14 16:46:17,943 - INFO - Data simulation started.
2024-10-14 16:46:22,985 - INFO - Alert logged: systolic_bp reading is abnormal: 124
2024-10-14 16:46:22,985 - INFO - Alert generated: systolic_bp reading is abnormal: 124
2024-10-14 16:46:25,004 - INFO - Alert logged: Persistent abnormal systolic_bp over last 5 readings.
2024-10-14 16:46:25,004 - INFO - Critical alert generated: Persistent abnormal systolic_bp over last 5 readings.
2024-10-14 16:46:28,034 - INFO - Alert logged: diastolic_bp reading is abnormal: 88
2024-10-14 16:46:28,034 - INFO - Alert generated: diastolic_bp reading is abnormal: 88
2024-10-14 16:46:28,035 - INFO - Alert logged: body_temperature reading is abnormal: 37.5
2024-10-14 16:46:28,035 - INFO - Alert generated: body_temperature reading is abnormal: 37.5
2024-10-14 16:46:30,055 - INFO - Alert logged: Persistent abnormal diastolic_bp over last 5 readings.
2024-10-14 16:46:30,055 - INFO - Critical alert generated: Persistent abnormal diastolic_bp over last 5 readings.
2024-10-14 16:46:30,055 - INFO - Alert logged: Persistent abnormal body_temperature over last 5 readings.
2024-10-14 16:46:30,055 - INFO - Critical alert generated: Persistent abnormal body_temperature over last 5 readings.
2024-10-14 16:46:33,093 - INFO - Alert logged: systolic_bp reading is abnormal: 127
2024-10-14 16:46:33,094 - INFO - Alert generated: systolic_bp reading is abnormal: 127
2024-10-14 16:46:33,802 - INFO - Data simulation stopped.
2024-10-14 16:46:35,089 - INFO - Application exit requested.
2024-10-14 16:46:35,092 - INFO - Application closed.
2024-10-14 16:48:50,730 - INFO - Application started.
2024-10-14 16:48:50,734 - INFO - Settings loaded from file.
2024-10-14 16:48:50,735 - INFO - Settings loaded successfully.
2024-10-14 16:48:54,844 - INFO - User 'kjdjksa' logged in.
2024-10-14 16:48:54,935 - INFO - Main window created.
2024-10-14 16:48:57,102 - INFO - Application exit requested.
2024-10-14 16:48:57,106 - INFO - Application closed.
2024-10-14 16:51:19,491 - INFO - Application started.
2024-10-14 16:51:19,494 - INFO - Settings loaded from file.
2024-10-14 16:51:19,494 - INFO - Settings loaded successfully.
2024-10-14 16:51:25,403 - INFO - User 'jkndndn' logged in.
2024-10-14 16:51:25,503 - INFO - Main window created.
2024-10-14 16:51:27,354 - INFO - Settings window opened.
2024-10-14 16:51:30,127 - INFO - Settings window closed without saving.
2024-10-14 16:51:31,021 - INFO - Data simulation started.
2024-10-14 16:51:31,023 - INFO - Alert logged: systolic_bp reading is abnormal: 122
2024-10-14 16:51:31,023 - INFO - Alert generated: systolic_bp reading is abnormal: 122
2024-10-14 16:51:31,023 - INFO - Alert logged: diastolic_bp reading is abnormal: 82
2024-10-14 16:51:31,023 - INFO - Alert generated: diastolic_bp reading is abnormal: 82
2024-10-14 16:51:33,042 - INFO - Alert logged: Persistent abnormal systolic_bp over last 5 readings.
2024-10-14 16:51:33,042 - INFO - Critical alert generated: Persistent abnormal systolic_bp over last 5 readings.
2024-10-14 16:51:33,043 - INFO - Alert logged: Persistent abnormal diastolic_bp over last 5 readings.
2024-10-14 16:51:33,043 - INFO - Critical alert generated: Persistent abnormal diastolic_bp over last 5 readings.
2024-10-14 16:51:39,089 - INFO - Application exit requested.
2024-10-14 16:51:39,094 - INFO - Application closed.
2024-10-14 17:22:00,632 - INFO - Application started.
2024-10-14 17:22:00,636 - INFO - Settings loaded from file.
2024-10-14 17:22:00,636 - INFO - Settings loaded successfully.
2024-10-14 17:22:23,317 - INFO - User 'Juan Peréz' logged in.
2024-10-14 17:22:23,416 - INFO - Main window created.
2024-10-14 17:22:26,219 - INFO - Data simulation started.
2024-10-14 17:22:26,221 - INFO - Alert logged: systolic_bp reading is abnormal: 134
2024-10-14 17:22:26,222 - INFO - Alert generated: systolic_bp reading is abnormal: 134
2024-10-14 17:22:28,236 - INFO - Alert logged: Persistent abnormal systolic_bp over last 5 readings.
2024-10-14 17:22:28,236 - INFO - Critical alert generated: Persistent abnormal systolic_bp over last 5 readings.
2024-10-14 17:22:35,186 - INFO - Application exit requested.
2024-10-14 17:22:35,191 - INFO - Application closed.
2024-10-14 17:24:17,427 - INFO - Application started.
2024-10-14 17:24:17,427 - INFO - Settings loaded from file.
2024-10-14 17:24:17,427 - INFO - Settings loaded successfully.
2024-10-14 17:24:20,370 - INFO - User canceled login or closed the window.
2024-10-14 18:17:40,047 - INFO - Application started.
2024-10-14 18:17:40,052 - INFO - Settings loaded from file.
2024-10-14 18:17:40,052 - INFO - Settings loaded successfully.
2024-10-14 18:17:48,822 - INFO - User 'Juan Peréz' logged in.
2024-10-14 18:17:48,942 - INFO - Main window created.
2024-10-14 18:17:52,590 - INFO - Settings window opened.
2024-10-14 18:18:05,512 - INFO - Settings saved to file.
2024-10-14 18:18:07,124 - INFO - Settings updated and saved.
2024-10-14 18:18:08,357 - INFO - Data simulation started.
2024-10-14 18:18:08,361 - INFO - Alert logged: body_temperature reading is abnormal: 37.4
2024-10-14 18:18:08,361 - INFO - Alert generated: body_temperature reading is abnormal: 37.4
2024-10-14 18:18:10,378 - INFO - Alert logged: Persistent abnormal body_temperature over last 5 readings.
2024-10-14 18:18:10,379 - INFO - Critical alert generated: Persistent abnormal body_temperature over last 5 readings.
2024-10-14 18:18:18,455 - INFO - Alert logged: diastolic_bp reading is abnormal: 89
2024-10-14 18:18:18,455 - INFO - Alert generated: diastolic_bp reading is abnormal: 89
2024-10-14 18:18:20,473 - INFO - Alert logged: Persistent abnormal diastolic_bp over last 5 readings.
2024-10-14 18:18:20,474 - INFO - Critical alert generated: Persistent abnormal diastolic_bp over last 5 readings.
2024-10-14 18:18:23,510 - INFO - Alert logged: systolic_bp reading is abnormal: 127
2024-10-14 18:18:23,511 - INFO - Alert generated: systolic_bp reading is abnormal: 127
2024-10-14 18:18:25,538 - INFO - Alert logged: Persistent abnormal systolic_bp over last 5 readings.
2024-10-14 18:18:25,539 - INFO - Critical alert generated: Persistent abnormal systolic_bp over last 5 readings.
2024-10-14 18:18:35,719 - INFO - Application exit requested.
2024-10-14 18:18:35,740 - INFO - Application closed.
2024-10-14 18:32:57,073 - INFO - Application started.
2024-10-14 18:32:57,078 - INFO - Settings loaded from file.
2024-10-14 18:32:57,078 - INFO - Settings loaded successfully.
2024-10-14 18:33:02,299 - INFO - User 'Juan Peréz' logged in.
2024-10-14 18:33:02,391 - INFO - Main window created.
2024-10-14 18:33:07,034 - INFO - Settings window opened.
2024-10-14 18:34:48,435 - INFO - Settings saved to file.
2024-10-14 18:34:50,001 - INFO - Settings updated and saved.
2024-10-14 18:34:51,531 - INFO - Data simulation started.
2024-10-14 18:34:51,535 - INFO - Alert logged: systolic_bp reading is abnormal: 123
2024-10-14 18:34:51,535 - INFO - Alert generated: systolic_bp reading is abnormal: 123
2024-10-14 18:34:53,555 - INFO - Alert logged: Persistent abnormal systolic_bp over last 5 readings.
2024-10-14 18:34:53,555 - INFO - Critical alert generated: Persistent abnormal systolic_bp over last 5 readings.
2024-10-14 18:34:56,587 - INFO - Alert logged: diastolic_bp reading is abnormal: 82
2024-10-14 18:34:56,587 - INFO - Alert generated: diastolic_bp reading is abnormal: 82
2024-10-14 18:34:58,608 - INFO - Alert logged: Persistent abnormal diastolic_bp over last 5 readings.
2024-10-14 18:34:58,609 - INFO - Critical alert generated: Persistent abnormal diastolic_bp over last 5 readings.
2024-10-14 18:35:01,645 - INFO - Alert logged: systolic_bp reading is abnormal: 138
2024-10-14 18:35:01,645 - INFO - Alert generated: systolic_bp reading is abnormal: 138
2024-10-14 18:35:03,672 - INFO - Alert logged: Persistent abnormal systolic_bp over last 5 readings.
2024-10-14 18:35:03,673 - INFO - Critical alert generated: Persistent abnormal systolic_bp over last 5 readings.
2024-10-14 18:35:06,710 - INFO - Alert logged: body_temperature reading is abnormal: 37.3
2024-10-14 18:35:06,710 - INFO - Alert generated: body_temperature reading is abnormal: 37.3
2024-10-14 18:35:08,737 - INFO - Alert logged: Persistent abnormal body_temperature over last 5 readings.
2024-10-14 18:35:08,737 - INFO - Critical alert generated: Persistent abnormal body_temperature over last 5 readings.
2024-10-14 18:35:11,779 - INFO - Alert logged: diastolic_bp reading is abnormal: 90
2024-10-14 18:35:11,779 - INFO - Alert generated: diastolic_bp reading is abnormal: 90
2024-10-14 18:35:13,806 - INFO - Alert logged: Persistent abnormal diastolic_bp over last 5 readings.
2024-10-14 18:35:13,807 - INFO - Critical alert generated: Persistent abnormal diastolic_bp over last 5 readings.
2024-10-14 18:35:16,848 - INFO - Alert logged: systolic_bp reading is abnormal: 129
2024-10-14 18:35:16,849 - INFO - Alert generated: systolic_bp reading is abnormal: 129
2024-10-14 18:35:18,876 - INFO - Alert logged: Persistent abnormal systolic_bp over last 5 readings.
2024-10-14 18:35:18,877 - INFO - Critical alert generated: Persistent abnormal systolic_bp over last 5 readings.
2024-10-14 18:35:26,972 - INFO - Alert logged: body_temperature reading is abnormal: 37.3
2024-10-14 18:35:26,973 - INFO - Alert generated: body_temperature reading is abnormal: 37.3
2024-10-14 18:35:28,999 - INFO - Alert logged: Persistent abnormal body_temperature over last 5 readings.
2024-10-14 18:35:29,000 - INFO - Critical alert generated: Persistent abnormal body_temperature over last 5 readings.
2024-10-14 18:35:32,043 - INFO - Alert logged: systolic_bp reading is abnormal: 123
2024-10-14 18:35:32,043 - INFO - Alert generated: systolic_bp reading is abnormal: 123
2024-10-14 18:35:32,044 - INFO - Alert logged: diastolic_bp reading is abnormal: 83
2024-10-14 18:35:32,044 - INFO - Alert generated: diastolic_bp reading is abnormal: 83
2024-10-14 18:35:34,072 - INFO - Alert logged: Persistent abnormal systolic_bp over last 5 readings.
2024-10-14 18:35:34,073 - INFO - Critical alert generated: Persistent abnormal systolic_bp over last 5 readings.
2024-10-14 18:35:34,073 - INFO - Alert logged: Persistent abnormal diastolic_bp over last 5 readings.
2024-10-14 18:35:34,074 - INFO - Critical alert generated: Persistent abnormal diastolic_bp over last 5 readings.
2024-10-14 18:35:36,604 - INFO - Alert logged: body_temperature reading is abnormal: 37.5
2024-10-14 18:35:36,605 - INFO - Alert generated: body_temperature reading is abnormal: 37.5
2024-10-14 18:35:38,633 - INFO - Alert logged: Persistent abnormal body_temperature over last 5 readings.
2024-10-14 18:35:38,633 - INFO - Critical alert generated: Persistent abnormal body_temperature over last 5 readings.
2024-10-14 18:35:46,725 - INFO - Alert logged: systolic_bp reading is abnormal: 139
2024-10-14 18:35:46,725 - INFO - Alert generated: systolic_bp reading is abnormal: 139
2024-10-14 18:35:48,750 - INFO - Alert logged: Persistent abnormal systolic_bp over last 5 readings.
2024-10-14 18:35:48,750 - INFO - Critical alert generated: Persistent abnormal systolic_bp over last 5 readings.
2024-10-14 18:35:51,787 - INFO - Alert logged: body_temperature reading is abnormal: 37.3
2024-10-14 18:35:51,787 - INFO - Alert generated: body_temperature reading is abnormal: 37.3
2024-10-14 18:35:53,814 - INFO - Alert logged: Persistent abnormal body_temperature over last 5 readings.
2024-10-14 18:35:53,815 - INFO - Critical alert generated: Persistent abnormal body_temperature over last 5 readings.
2024-10-14 18:35:56,856 - INFO - Alert logged: diastolic_bp reading is abnormal: 83
2024-10-14 18:35:56,856 - INFO - Alert generated: diastolic_bp reading is abnormal: 83
2024-10-14 18:35:58,881 - INFO - Alert logged: Persistent abnormal diastolic_bp over last 5 readings.
2024-10-14 18:35:58,881 - INFO - Critical alert generated: Persistent abnormal diastolic_bp over last 5 readings.
2024-10-14 18:36:01,916 - INFO - Alert logged: systolic_bp reading is abnormal: 134
2024-10-14 18:36:01,916 - INFO - Alert generated: systolic_bp reading is abnormal: 134
2024-10-14 18:36:03,943 - INFO - Alert logged: Persistent abnormal systolic_bp over last 5 readings.
2024-10-14 18:36:03,943 - INFO - Critical alert generated: Persistent abnormal systolic_bp over last 5 readings.
2024-10-14 18:36:26,703 - INFO - Alert logged: systolic_bp reading is abnormal: 126
2024-10-14 18:36:26,703 - INFO - Alert generated: systolic_bp reading is abnormal: 126
2024-10-14 18:36:26,704 - INFO - Alert logged: diastolic_bp reading is abnormal: 85
2024-10-14 18:36:26,704 - INFO - Alert generated: diastolic_bp reading is abnormal: 85
2024-10-14 18:36:28,730 - INFO - Alert logged: Persistent abnormal systolic_bp over last 5 readings.
2024-10-14 18:36:28,730 - INFO - Critical alert generated: Persistent abnormal systolic_bp over last 5 readings.
2024-10-14 18:36:28,731 - INFO - Alert logged: Persistent abnormal diastolic_bp over last 5 readings.
2024-10-14 18:36:28,731 - INFO - Critical alert generated: Persistent abnormal diastolic_bp over last 5 readings.
2024-10-14 18:36:31,768 - INFO - Alert logged: body_temperature reading is abnormal: 37.4
2024-10-14 18:36:31,769 - INFO - Alert generated: body_temperature reading is abnormal: 37.4
2024-10-14 18:36:33,795 - INFO - Alert logged: Persistent abnormal body_temperature over last 5 readings.
2024-10-14 18:36:33,795 - INFO - Critical alert generated: Persistent abnormal body_temperature over last 5 readings.
2024-10-14 18:36:41,900 - INFO - Alert logged: systolic_bp reading is abnormal: 130
2024-10-14 18:36:41,900 - INFO - Alert generated: systolic_bp reading is abnormal: 130
2024-10-14 18:36:43,925 - INFO - Alert logged: Persistent abnormal systolic_bp over last 5 readings.
2024-10-14 18:36:43,925 - INFO - Critical alert generated: Persistent abnormal systolic_bp over last 5 readings.
2024-10-14 18:36:52,012 - INFO - Alert logged: diastolic_bp reading is abnormal: 84
2024-10-14 18:36:52,012 - INFO - Alert generated: diastolic_bp reading is abnormal: 84
2024-10-14 18:36:52,013 - INFO - Alert logged: body_temperature reading is abnormal: 37.5
2024-10-14 18:36:52,013 - INFO - Alert generated: body_temperature reading is abnormal: 37.5
2024-10-14 18:36:54,038 - INFO - Alert logged: Persistent abnormal diastolic_bp over last 5 readings.
2024-10-14 18:36:54,038 - INFO - Critical alert generated: Persistent abnormal diastolic_bp over last 5 readings.
2024-10-14 18:36:54,039 - INFO - Alert logged: Persistent abnormal body_temperature over last 5 readings.
2024-10-14 18:36:54,039 - INFO - Critical alert generated: Persistent abnormal body_temperature over last 5 readings.
2024-10-14 18:37:01,643 - INFO - Alert logged: diastolic_bp reading is abnormal: 82
2024-10-14 18:37:01,643 - INFO - Alert generated: diastolic_bp reading is abnormal: 82
2024-10-14 18:37:03,670 - INFO - Alert logged: Persistent abnormal diastolic_bp over last 5 readings.
2024-10-14 18:37:03,670 - INFO - Critical alert generated: Persistent abnormal diastolic_bp over last 5 readings.
2024-10-14 18:37:06,704 - INFO - Alert logged: body_temperature reading is abnormal: 37.3
2024-10-14 18:37:06,704 - INFO - Alert generated: body_temperature reading is abnormal: 37.3
2024-10-14 18:37:08,734 - INFO - Alert logged: Persistent abnormal body_temperature over last 5 readings.
2024-10-14 18:37:08,734 - INFO - Critical alert generated: Persistent abnormal body_temperature over last 5 readings.
2024-10-14 18:37:16,836 - INFO - Alert logged: diastolic_bp reading is abnormal: 84
2024-10-14 18:37:16,837 - INFO - Alert generated: diastolic_bp reading is abnormal: 84
2024-10-14 18:37:18,861 - INFO - Alert logged: Persistent abnormal diastolic_bp over last 5 readings.
2024-10-14 18:37:18,861 - INFO - Critical alert generated: Persistent abnormal diastolic_bp over last 5 readings.
2024-10-14 18:37:21,895 - INFO - Alert logged: systolic_bp reading is abnormal: 126
2024-10-14 18:37:21,895 - INFO - Alert generated: systolic_bp reading is abnormal: 126
2024-10-14 18:37:23,922 - INFO - Alert logged: Persistent abnormal systolic_bp over last 5 readings.
2024-10-14 18:37:23,923 - INFO - Critical alert generated: Persistent abnormal systolic_bp over last 5 readings.
2024-10-14 18:37:32,017 - INFO - Alert logged: body_temperature reading is abnormal: 37.3
2024-10-14 18:37:32,018 - INFO - Alert generated: body_temperature reading is abnormal: 37.3
2024-10-14 18:37:34,044 - INFO - Alert logged: Persistent abnormal body_temperature over last 5 readings.
2024-10-14 18:37:34,044 - INFO - Critical alert generated: Persistent abnormal body_temperature over last 5 readings.
2024-10-14 18:37:37,086 - INFO - Alert logged: diastolic_bp reading is abnormal: 89
2024-10-14 18:37:37,087 - INFO - Alert generated: diastolic_bp reading is abnormal: 89
2024-10-14 18:37:39,111 - INFO - Alert logged: Persistent abnormal diastolic_bp over last 5 readings.
2024-10-14 18:37:39,112 - INFO - Critical alert generated: Persistent abnormal diastolic_bp over last 5 readings.
2024-10-14 18:37:46,700 - INFO - Alert logged: systolic_bp reading is abnormal: 128
2024-10-14 18:37:46,700 - INFO - Alert generated: systolic_bp reading is abnormal: 128
2024-10-14 18:37:48,721 - INFO - Alert logged: Persistent abnormal systolic_bp over last 5 readings.
2024-10-14 18:37:48,721 - INFO - Critical alert generated: Persistent abnormal systolic_bp over last 5 readings.
2024-10-14 18:37:51,745 - INFO - Alert logged: body_temperature reading is abnormal: 37.3
2024-10-14 18:37:51,746 - INFO - Alert generated: body_temperature reading is abnormal: 37.3
2024-10-14 18:37:53,770 - INFO - Alert logged: Persistent abnormal body_temperature over last 5 readings.
2024-10-14 18:37:53,770 - INFO - Critical alert generated: Persistent abnormal body_temperature over last 5 readings.
2024-10-14 18:37:56,121 - INFO - Data simulation stopped.
2024-10-14 18:37:57,672 - INFO - Data simulation started.
2024-10-14 18:37:57,674 - INFO - Alert logged: systolic_bp reading is abnormal: 137
2024-10-14 18:37:57,674 - INFO - Alert generated: systolic_bp reading is abnormal: 137
2024-10-14 18:37:59,696 - INFO - Alert logged: Persistent abnormal systolic_bp over last 5 readings.
2024-10-14 18:37:59,696 - INFO - Critical alert generated: Persistent abnormal systolic_bp over last 5 readings.
2024-10-14 18:38:02,221 - INFO - Application exit requested.
2024-10-14 18:38:02,243 - INFO - Application closed.
2024-10-14 19:28:29,740 - INFO - Application started.
2024-10-14 19:28:29,744 - INFO - Settings loaded from file.
2024-10-14 19:28:29,744 - INFO - Settings loaded successfully.
2024-10-14 19:28:39,979 - INFO - User 'alexander luna' logged in.
2024-10-14 19:28:40,080 - INFO - Main window created.
2024-10-14 19:28:47,528 - INFO - Settings window opened.
2024-10-14 19:28:58,275 - INFO - Settings saved to file.
2024-10-14 19:28:59,860 - INFO - Settings updated and saved.
2024-10-14 19:29:17,661 - INFO - Data simulation started.
2024-10-14 19:29:17,662 - INFO - Alert logged: systolic_bp reading is abnormal: 137
2024-10-14 19:29:17,662 - INFO - Alert generated: systolic_bp reading is abnormal: 137
2024-10-14 19:29:17,663 - INFO - Alert logged: diastolic_bp reading is abnormal: 90
2024-10-14 19:29:17,663 - INFO - Alert generated: diastolic_bp reading is abnormal: 90
2024-10-14 19:29:19,682 - INFO - Alert logged: diastolic_bp reading is abnormal: 90
2024-10-14 19:29:19,682 - INFO - Alert generated: diastolic_bp reading is abnormal: 90
2024-10-14 19:29:21,701 - INFO - Alert logged: systolic_bp reading is abnormal: 127
2024-10-14 19:29:21,702 - INFO - Alert generated: systolic_bp reading is abnormal: 127
2024-10-14 19:29:21,702 - INFO - Alert logged: body_temperature reading is abnormal: 37.5
2024-10-14 19:29:21,703 - INFO - Alert generated: body_temperature reading is abnormal: 37.5
2024-10-14 19:29:22,715 - INFO - Alert logged: diastolic_bp reading is abnormal: 81
2024-10-14 19:29:22,715 - INFO - Alert generated: diastolic_bp reading is abnormal: 81
2024-10-14 19:29:23,728 - INFO - Alert logged: Persistent abnormal systolic_bp over last 5 readings.
2024-10-14 19:29:23,728 - INFO - Critical alert generated: Persistent abnormal systolic_bp over last 5 readings.
2024-10-14 19:29:24,740 - INFO - Alert logged: diastolic_bp reading is abnormal: 83
2024-10-14 19:29:24,740 - INFO - Alert generated: diastolic_bp reading is abnormal: 83
2024-10-14 19:29:26,762 - INFO - Alert logged: Persistent abnormal diastolic_bp over last 5 readings.
2024-10-14 19:29:26,762 - INFO - Critical alert generated: Persistent abnormal diastolic_bp over last 5 readings.
2024-10-14 19:29:28,787 - INFO - Alert logged: diastolic_bp reading is abnormal: 86
2024-10-14 19:29:28,788 - INFO - Alert generated: diastolic_bp reading is abnormal: 86
2024-10-14 19:29:29,801 - INFO - Alert logged: systolic_bp reading is abnormal: 131
2024-10-14 19:29:29,802 - INFO - Alert generated: systolic_bp reading is abnormal: 131
2024-10-14 19:29:32,813 - INFO - Data simulation stopped.
2024-10-14 19:29:59,783 - INFO - Application exit requested.
2024-10-14 19:29:59,788 - INFO - Application closed.
